[00:02:27] [Server thread/INFO] [net.minecraft.server.dedicated.DedicatedServer]: [narutu1313: Changing to clear weather]
[00:02:36] [Server thread/INFO] [bettercaves]: Better Caves config file for dimension 0 not found. Using global config...
[00:02:36] [Server thread/INFO] [bettercaves]: Using block 'minecraft:lava' as lava in cave generation for dimension 0 (OVERWORLD) ...
[00:02:36] [Server thread/INFO] [bettercaves]: Using block 'minecraft:water' as water in cave generation for dimension 0 (OVERWORLD) ...
[00:02:37] [Server thread/INFO] [bettercaves]: Better Caves config file for dimension 0 not found. Using global config...
[00:02:37] [Server thread/INFO] [bettercaves]: Using block 'minecraft:lava' as lava in cave generation for dimension 0 (OVERWORLD) ...
[00:02:37] [Server thread/INFO] [bettercaves]: Using block 'minecraft:water' as water in cave generation for dimension 0 (OVERWORLD) ...
[00:02:37] [Server thread/WARN] [net.minecraft.network.NetHandlerPlayServer]: narutu1313 moved too quickly! 10.104080382988627,-0.003779053247455977,0.05131660441772112
[00:03:21] [Server thread/INFO] [net.minecraft.server.dedicated.DedicatedServer]: [narutu1313: Enchanting succeeded]
[00:03:30] [Server thread/INFO] [net.minecraft.server.dedicated.DedicatedServer]: [narutu1313: Enchanting succeeded]
[00:03:38] [Server thread/INFO] [net.minecraft.server.dedicated.DedicatedServer]: [narutu1313: Enchanting succeeded]
[00:03:42] [Server thread/INFO] [net.minecraft.server.dedicated.DedicatedServer]: [narutu1313: Set own game mode to Survival Mode]
[00:03:53] [Server thread/INFO] [ebwizardry]: Synchronising advancements for narutu1313
[00:03:53] [Server thread/INFO] [ebwizardry]: Synchronising advancements for narutu1313
[00:03:53] [Server thread/INFO] [ebwizardry]: Synchronising advancements for narutu1313
[00:04:05] [Server thread/INFO] [net.minecraft.server.dedicated.DedicatedServer]: [narutu1313: Set the time to 1000]
[00:08:53] [Server thread/INFO] [net.minecraft.server.dedicated.DedicatedServer]: [narutu1313: Set own game mode to Creative Mode]
[00:09:50] [Server thread/INFO] [net.minecraft.server.dedicated.DedicatedServer]: [narutu1313: Set own game mode to Survival Mode]
[00:10:07] [Server thread/INFO] [net.minecraft.server.dedicated.DedicatedServer]: [narutu1313: Set own game mode to Creative Mode]
[00:11:25] [Server thread/INFO] [net.minecraft.server.dedicated.DedicatedServer]: [narutu1313: Enchanting succeeded]
[00:12:16] [Server thread/INFO] [net.minecraft.server.dedicated.DedicatedServer]: [narutu1313: Changing to clear weather]
[00:26:09] [Server thread/INFO] [net.minecraft.server.dedicated.DedicatedServer]: narutu1313 has made the advancement [Sweet dreams]
[00:26:09] [Server thread/INFO] [ebwizardry]: Synchronising advancements for narutu1313
[00:26:39] [Server thread/INFO] [net.minecraft.server.dedicated.DedicatedServer]: narutu1313 has made the advancement [Hot Stuff]
[00:26:39] [Server thread/INFO] [ebwizardry]: Synchronising advancements for narutu1313
[00:27:27] [Server thread/INFO] [net.minecraft.server.dedicated.DedicatedServer]: [narutu1313: Set own game mode to Survival Mode]
[00:27:28] [Server thread/INFO] [net.minecraft.server.dedicated.DedicatedServer]: [narutu1313: Set own game mode to Creative Mode]
[00:27:37] [Server thread/INFO] [net.minecraft.server.dedicated.DedicatedServer]: [narutu1313: Set own game mode to Survival Mode]
[00:27:39] [Server thread/INFO] [net.minecraft.server.dedicated.DedicatedServer]: [narutu1313: Set own game mode to Creative Mode]
[00:28:00] [Server thread/INFO] [net.minecraft.server.dedicated.DedicatedServer]: narutu1313 has made the advancement [A Strange Grave's Dust]
[00:28:00] [Server thread/INFO] [ebwizardry]: Synchronising advancements for narutu1313
[00:28:00] [Server thread/INFO] [ebwizardry]: Synchronising advancements for narutu1313
[00:28:17] [Server thread/INFO] [ebwizardry]: Synchronising advancements for narutu1313
[00:28:17] [Server thread/INFO] [ebwizardry]: Synchronising advancements for narutu1313
[00:28:17] [Server thread/INFO] [ebwizardry]: Synchronising advancements for narutu1313
[00:28:17] [Server thread/INFO] [ebwizardry]: Synchronising advancements for narutu1313
[00:29:46] [Server thread/INFO] [ebwizardry]: Synchronising advancements for narutu1313
[00:30:00] [Server thread/INFO] [net.minecraft.server.dedicated.DedicatedServer]: [narutu1313: Set own game mode to Survival Mode]
[00:31:26] [Server thread/INFO] [net.minecraft.server.dedicated.DedicatedServer]: narutu1313 has made the advancement [Wizard's Apprentice]
[00:31:26] [Server thread/INFO] [ebwizardry]: Synchronising advancements for narutu1313
[00:33:55] [Server thread/INFO] [ebwizardry]: Synchronising advancements for narutu1313
[00:33:55] [Server thread/INFO] [ebwizardry]: Synchronising advancements for narutu1313
[00:33:55] [Server thread/INFO] [ebwizardry]: Synchronising advancements for narutu1313
